<?xml version="1.0" encoding="UTF-8"?>
<!-- Generated by org.testng.reporters.JUnitXMLReporter -->
<testsuite ignored="0" hostname="IN-PG02NMAH" failures="0" tests="1" name="Default test" time="0.344" errors="0" timestamp="2024-07-30T13:28:57 IST">
  <testcase classname="com.automation.generic.BaseClass" name="@BeforeClass Openapp" time="-1.722326337473E9">
    <failure type="org.testng.TestNGException" message="
Parameter &amp;apos;browser&amp;apos; is required by BeforeClass on method Openapp but has not been marked @Optional or defined
in C:\Users\ragulaganjikoppa\AppData\Local\Temp\testng-eclipse-1668012890\testng-customsuite.xml">
      <![CDATA[org.testng.TestNGException: 
Parameter 'browser' is required by BeforeClass on method Openapp but has not been marked @Optional or defined
in C:\Users\ragulaganjikoppa\AppData\Local\Temp\testng-eclipse-1668012890\testng-customsuite.xml
at org.testng.internal.Parameters.createParams(Parameters.java:270)
at org.testng.internal.Parameters.createParametersForMethod(Parameters.java:358)
at org.testng.internal.Parameters.createParameters(Parameters.java:700)
at org.testng.internal.Parameters.createConfigurationParameters(Parameters.java:168)
at org.testng.internal.ConfigInvoker.invokeConfigurations(ConfigInvoker.java:302)
at org.testng.internal.TestMethodWorker.invokeBeforeClassMethods(TestMethodWorker.java:176)
at org.testng.internal.TestMethodWorker.run(TestMethodWorker.java:122)
at java.base/java.util.ArrayList.forEach(ArrayList.java:1596)
at org.testng.TestRunner.privateRun(TestRunner.java:794)
at org.testng.TestRunner.run(TestRunner.java:596)
at org.testng.SuiteRunner.runTest(SuiteRunner.java:377)
at org.testng.SuiteRunner.runSequentially(SuiteRunner.java:371)
at org.testng.SuiteRunner.privateRun(SuiteRunner.java:332)
at org.testng.SuiteRunner.run(SuiteRunner.java:276)
at org.testng.SuiteRunnerWorker.runSuite(SuiteRunnerWorker.java:53)
at org.testng.SuiteRunnerWorker.run(SuiteRunnerWorker.java:96)
at org.testng.TestNG.runSuitesSequentially(TestNG.java:1212)
at org.testng.TestNG.runSuitesLocally(TestNG.java:1134)
at org.testng.TestNG.runSuites(TestNG.java:1063)
at org.testng.TestNG.run(TestNG.java:1031)
at org.testng.remote.AbstractRemoteTestNG.run(AbstractRemoteTestNG.java:115)
at org.testng.remote.RemoteTestNG.initAndRun(RemoteTestNG.java:293)
at org.testng.remote.RemoteTestNG.main(RemoteTestNG.java:91)
]]>
    </failure>
  </testcase> <!-- @BeforeClass Openapp -->
  <testcase classname="com.automation.generic.BaseClass" name="@BeforeMethod nyTimeLogin" time="-1.722326337486E9">
    <skipped/>
  </testcase> <!-- @BeforeMethod nyTimeLogin -->
  <testcase classname="com.automation.generic.BaseClass" name="@AfterMethod logout" time="-1.72232633749E9">
    <skipped/>
  </testcase> <!-- @AfterMethod logout -->
  <testcase classname="com.automation.generic.BaseClass" name="@AfterClass closeapp" time="-1.722326337492E9">
    <skipped/>
  </testcase> <!-- @AfterClass closeapp -->
  <testcase classname="com.automation.TestScripts.SearchAnyKeyword" name="Test" time="0.0">
    <skipped/>
  </testcase> <!-- Test -->
</testsuite> <!-- Default test -->
