<html>
<head>
<title>TestNG:  Test Parallel</title>
<link href="../testng.css" rel="stylesheet" type="text/css" />
<link href="../my-testng.css" rel="stylesheet" type="text/css" />

<style type="text/css">
.log { display: none;} 
.stack-trace { display: none;} 
</style>
<script type="text/javascript">
<!--
function flip(e) {
  current = e.style.display;
  if (current == 'block') {
    e.style.display = 'none';
    return 0;
  }
  else {
    e.style.display = 'block';
    return 1;
  }
}

function toggleBox(szDivId, elem, msg1, msg2)
{
  var res = -1;  if (document.getElementById) {
    res = flip(document.getElementById(szDivId));
  }
  else if (document.all) {
    // this is the way old msie versions work
    res = flip(document.all[szDivId]);
  }
  if(elem) {
    if(res == 0) elem.innerHTML = msg1; else elem.innerHTML = msg2;
  }

}

function toggleAllBoxes() {
  if (document.getElementsByTagName) {
    d = document.getElementsByTagName('div');
    for (i = 0; i < d.length; i++) {
      if (d[i].className == 'log') {
        flip(d[i]);
      }
    }
  }
}

// -->
</script>

</head>
<body>
<h2 align='center'>Test Parallel</h2><table border='1' align="center">
<tr>
<td>Tests passed/Failed/Skipped:</td><td>0/0/2</td>
</tr><tr>
<td>Started on:</td><td>Tue Jul 30 11:34:12 IST 2024</td>
</tr>
<tr><td>Total time:</td><td>0 seconds (412 ms)</td>
</tr><tr>
<td>Included groups:</td><td></td>
</tr><tr>
<td>Excluded groups:</td><td></td>
</tr>
</table><p/>
<small><i>(Hover the method name to see the test class name)</i></small><p/>
<table width='100%' border='1' class='invocation-failed'>
<tr><td colspan='4' align='center'><b>FAILED CONFIGURATIONS</b></td></tr>
<tr><td><b>Test method</b></td>
<td width="30%"><b>Exception</b></td>
<td width="10%"><b>Time (seconds)</b></td>
<td><b>Instance</b></td>
</tr>
<tr>
<td title='com.automation.TestScripts.VerifytheWorldSectionPage.Openapp()'><b>Openapp</b><br>Test class: com.automation.TestScripts.VerifytheWorldSectionPage</td>
<td><div><pre>org.testng.TestNGException: 
Parameter &apos;browser&apos; is required by BeforeClass on method Openapp but has not been marked @Optional or defined
in C:\Users\ragulaganjikoppa\eclipse-workspace\QA-Project\testng.xml
	at java.base/java.util.concurrent.ThreadPoolExecutor.runWorker(ThreadPoolExecutor.java:1144)
	at java.base/java.util.concurrent.ThreadPoolExecutor$Worker.run(ThreadPoolExecutor.java:642)
	at java.base/java.lang.Thread.run(Thread.java:1583)
... Removed 7 stack frames</pre></div><a href='#' onClick='toggleBox("stack-trace2089613092", this, "Click to show all stack frames", "Click to hide stack frames")'>Click to show all stack frames</a>
<div class='stack-trace' id='stack-trace2089613092'><pre>org.testng.TestNGException: 
Parameter &apos;browser&apos; is required by BeforeClass on method Openapp but has not been marked @Optional or defined
in C:\Users\ragulaganjikoppa\eclipse-workspace\QA-Project\testng.xml
	at org.testng.internal.Parameters.createParams(Parameters.java:270)
	at org.testng.internal.Parameters.createParametersForMethod(Parameters.java:358)
	at org.testng.internal.Parameters.createParameters(Parameters.java:700)
	at org.testng.internal.Parameters.createConfigurationParameters(Parameters.java:168)
	at org.testng.internal.ConfigInvoker.invokeConfigurations(ConfigInvoker.java:302)
	at org.testng.internal.TestMethodWorker.invokeBeforeClassMethods(TestMethodWorker.java:176)
	at org.testng.internal.TestMethodWorker.run(TestMethodWorker.java:122)
	at java.base/java.util.concurrent.ThreadPoolExecutor.runWorker(ThreadPoolExecutor.java:1144)
	at java.base/java.util.concurrent.ThreadPoolExecutor$Worker.run(ThreadPoolExecutor.java:642)
	at java.base/java.lang.Thread.run(Thread.java:1583)
</pre></div></td>
<td>-1722319452</td>
<td>com.automation.TestScripts.VerifytheWorldSectionPage@131774fe</td></tr>
<tr>
<td title='com.automation.TestScripts.SearchAnyKeyword.Openapp()'><b>Openapp</b><br>Test class: com.automation.TestScripts.SearchAnyKeyword</td>
<td><div><pre>org.testng.TestNGException: 
Parameter &apos;browser&apos; is required by BeforeClass on method Openapp but has not been marked @Optional or defined
in C:\Users\ragulaganjikoppa\eclipse-workspace\QA-Project\testng.xml
	at java.base/java.util.concurrent.ThreadPoolExecutor.runWorker(ThreadPoolExecutor.java:1144)
	at java.base/java.util.concurrent.ThreadPoolExecutor$Worker.run(ThreadPoolExecutor.java:642)
	at java.base/java.lang.Thread.run(Thread.java:1583)
... Removed 7 stack frames</pre></div><a href='#' onClick='toggleBox("stack-trace989381361", this, "Click to show all stack frames", "Click to hide stack frames")'>Click to show all stack frames</a>
<div class='stack-trace' id='stack-trace989381361'><pre>org.testng.TestNGException: 
Parameter &apos;browser&apos; is required by BeforeClass on method Openapp but has not been marked @Optional or defined
in C:\Users\ragulaganjikoppa\eclipse-workspace\QA-Project\testng.xml
	at org.testng.internal.Parameters.createParams(Parameters.java:270)
	at org.testng.internal.Parameters.createParametersForMethod(Parameters.java:358)
	at org.testng.internal.Parameters.createParameters(Parameters.java:700)
	at org.testng.internal.Parameters.createConfigurationParameters(Parameters.java:168)
	at org.testng.internal.ConfigInvoker.invokeConfigurations(ConfigInvoker.java:302)
	at org.testng.internal.TestMethodWorker.invokeBeforeClassMethods(TestMethodWorker.java:176)
	at org.testng.internal.TestMethodWorker.run(TestMethodWorker.java:122)
	at java.base/java.util.concurrent.ThreadPoolExecutor.runWorker(ThreadPoolExecutor.java:1144)
	at java.base/java.util.concurrent.ThreadPoolExecutor$Worker.run(ThreadPoolExecutor.java:642)
	at java.base/java.lang.Thread.run(Thread.java:1583)
</pre></div></td>
<td>-1722319452</td>
<td>com.automation.TestScripts.SearchAnyKeyword@c8c12ac</td></tr>
</table><p>
<table width='100%' border='1' class='invocation-skipped'>
<tr><td colspan='4' align='center'><b>SKIPPED CONFIGURATIONS</b></td></tr>
<tr><td><b>Test method</b></td>
<td width="30%"><b>Exception</b></td>
<td width="10%"><b>Time (seconds)</b></td>
<td><b>Instance</b></td>
</tr>
<tr>
<td title='com.automation.TestScripts.SearchAnyKeyword.logout()'><b>logout</b><br>Test class: com.automation.TestScripts.SearchAnyKeyword</td>
<td></td>
<td>-1722319452</td>
<td>com.automation.TestScripts.SearchAnyKeyword@c8c12ac</td></tr>
<tr>
<td title='com.automation.TestScripts.VerifytheWorldSectionPage.closeapp()'><b>closeapp</b><br>Test class: com.automation.TestScripts.VerifytheWorldSectionPage</td>
<td></td>
<td>-1722319452</td>
<td>com.automation.TestScripts.VerifytheWorldSectionPage@131774fe</td></tr>
<tr>
<td title='com.automation.TestScripts.SearchAnyKeyword.nyTimeLogin()'><b>nyTimeLogin</b><br>Test class: com.automation.TestScripts.SearchAnyKeyword</td>
<td></td>
<td>-1722319452</td>
<td>com.automation.TestScripts.SearchAnyKeyword@c8c12ac</td></tr>
<tr>
<td title='com.automation.TestScripts.SearchAnyKeyword.closeapp()'><b>closeapp</b><br>Test class: com.automation.TestScripts.SearchAnyKeyword</td>
<td></td>
<td>-1722319452</td>
<td>com.automation.TestScripts.SearchAnyKeyword@c8c12ac</td></tr>
<tr>
<td title='com.automation.TestScripts.VerifytheWorldSectionPage.nyTimeLogin()'><b>nyTimeLogin</b><br>Test class: com.automation.TestScripts.VerifytheWorldSectionPage</td>
<td></td>
<td>-1722319452</td>
<td>com.automation.TestScripts.VerifytheWorldSectionPage@131774fe</td></tr>
<tr>
<td title='com.automation.TestScripts.VerifytheWorldSectionPage.logout()'><b>logout</b><br>Test class: com.automation.TestScripts.VerifytheWorldSectionPage</td>
<td></td>
<td>-1722319452</td>
<td>com.automation.TestScripts.VerifytheWorldSectionPage@131774fe</td></tr>
</table><p>
<table width='100%' border='1' class='invocation-skipped'>
<tr><td colspan='4' align='center'><b>SKIPPED TESTS</b></td></tr>
<tr><td><b>Test method</b></td>
<td width="30%"><b>Exception</b></td>
<td width="10%"><b>Time (seconds)</b></td>
<td><b>Instance</b></td>
</tr>
<tr>
<td title='com.automation.TestScripts.VerifytheWorldSectionPage.VeifyTheWorld()'><b>VeifyTheWorld</b><br>Test class: com.automation.TestScripts.VerifytheWorldSectionPage</td>
<td><div><pre>org.testng.TestNGException: 
Parameter &apos;browser&apos; is required by BeforeClass on method Openapp but has not been marked @Optional or defined
in C:\Users\ragulaganjikoppa\eclipse-workspace\QA-Project\testng.xml
	at java.base/java.util.concurrent.ThreadPoolExecutor.runWorker(ThreadPoolExecutor.java:1144)
	at java.base/java.util.concurrent.ThreadPoolExecutor$Worker.run(ThreadPoolExecutor.java:642)
	at java.base/java.lang.Thread.run(Thread.java:1583)
... Removed 7 stack frames</pre></div><a href='#' onClick='toggleBox("stack-trace464832835", this, "Click to show all stack frames", "Click to hide stack frames")'>Click to show all stack frames</a>
<div class='stack-trace' id='stack-trace464832835'><pre>org.testng.TestNGException: 
Parameter &apos;browser&apos; is required by BeforeClass on method Openapp but has not been marked @Optional or defined
in C:\Users\ragulaganjikoppa\eclipse-workspace\QA-Project\testng.xml
	at org.testng.internal.Parameters.createParams(Parameters.java:270)
	at org.testng.internal.Parameters.createParametersForMethod(Parameters.java:358)
	at org.testng.internal.Parameters.createParameters(Parameters.java:700)
	at org.testng.internal.Parameters.createConfigurationParameters(Parameters.java:168)
	at org.testng.internal.ConfigInvoker.invokeConfigurations(ConfigInvoker.java:302)
	at org.testng.internal.TestMethodWorker.invokeBeforeClassMethods(TestMethodWorker.java:176)
	at org.testng.internal.TestMethodWorker.run(TestMethodWorker.java:122)
	at java.base/java.util.concurrent.ThreadPoolExecutor.runWorker(ThreadPoolExecutor.java:1144)
	at java.base/java.util.concurrent.ThreadPoolExecutor$Worker.run(ThreadPoolExecutor.java:642)
	at java.base/java.lang.Thread.run(Thread.java:1583)
</pre></div></td>
<td>0</td>
<td>com.automation.TestScripts.VerifytheWorldSectionPage@131774fe</td></tr>
<tr>
<td title='com.automation.TestScripts.SearchAnyKeyword.Test()'><b>Test</b><br>Test class: com.automation.TestScripts.SearchAnyKeyword</td>
<td><div><pre>org.testng.TestNGException: 
Parameter &apos;browser&apos; is required by BeforeClass on method Openapp but has not been marked @Optional or defined
in C:\Users\ragulaganjikoppa\eclipse-workspace\QA-Project\testng.xml
	at java.base/java.util.concurrent.ThreadPoolExecutor.runWorker(ThreadPoolExecutor.java:1144)
	at java.base/java.util.concurrent.ThreadPoolExecutor$Worker.run(ThreadPoolExecutor.java:642)
	at java.base/java.lang.Thread.run(Thread.java:1583)
... Removed 7 stack frames</pre></div><a href='#' onClick='toggleBox("stack-trace325242333", this, "Click to show all stack frames", "Click to hide stack frames")'>Click to show all stack frames</a>
<div class='stack-trace' id='stack-trace325242333'><pre>org.testng.TestNGException: 
Parameter &apos;browser&apos; is required by BeforeClass on method Openapp but has not been marked @Optional or defined
in C:\Users\ragulaganjikoppa\eclipse-workspace\QA-Project\testng.xml
	at org.testng.internal.Parameters.createParams(Parameters.java:270)
	at org.testng.internal.Parameters.createParametersForMethod(Parameters.java:358)
	at org.testng.internal.Parameters.createParameters(Parameters.java:700)
	at org.testng.internal.Parameters.createConfigurationParameters(Parameters.java:168)
	at org.testng.internal.ConfigInvoker.invokeConfigurations(ConfigInvoker.java:302)
	at org.testng.internal.TestMethodWorker.invokeBeforeClassMethods(TestMethodWorker.java:176)
	at org.testng.internal.TestMethodWorker.run(TestMethodWorker.java:122)
	at java.base/java.util.concurrent.ThreadPoolExecutor.runWorker(ThreadPoolExecutor.java:1144)
	at java.base/java.util.concurrent.ThreadPoolExecutor$Worker.run(ThreadPoolExecutor.java:642)
	at java.base/java.lang.Thread.run(Thread.java:1583)
</pre></div></td>
<td>0</td>
<td>com.automation.TestScripts.SearchAnyKeyword@c8c12ac</td></tr>
</table><p>
</body>
</html>