<?xml version="1.0" encoding="UTF-8"?>
<!-- Generated by org.testng.reporters.JUnitXMLReporter -->
<testsuite ignored="6" hostname="IN-PG02NMAH" failures="0" tests="4" name="Test Parallel" time="0.457" errors="0" timestamp="2024-07-30T21:02:41 IST">
  <testcase classname="com.automation.generic.BaseTest" name="@BeforeClass Openapp" time="-1.722353560842E9">
    <failure type="org.testng.TestNGException" message="
Parameter &amp;apos;browser&amp;apos; is required by BeforeClass on method Openapp but has not been marked @Optional or defined
in C:\Users\ragulaganjikoppa\eclipse-workspace\QA-Project\parallel.xml">
      <![CDATA[org.testng.TestNGException: 
Parameter 'browser' is required by BeforeClass on method Openapp but has not been marked @Optional or defined
in C:\Users\ragulaganjikoppa\eclipse-workspace\QA-Project\parallel.xml
at java.base/java.util.concurrent.ThreadPoolExecutor.runWorker(ThreadPoolExecutor.java:1144)
at java.base/java.util.concurrent.ThreadPoolExecutor$Worker.run(ThreadPoolExecutor.java:642)
at java.base/java.lang.Thread.run(Thread.java:1583)
... Removed 7 stack frames]]>
    </failure>
  </testcase> <!-- @BeforeClass Openapp -->
  <testcase classname="com.automation.generic.BaseTest" name="@BeforeClass Openapp" time="-1.722353560842E9">
    <failure type="org.testng.TestNGException" message="
Parameter &amp;apos;browser&amp;apos; is required by BeforeClass on method Openapp but has not been marked @Optional or defined
in C:\Users\ragulaganjikoppa\eclipse-workspace\QA-Project\parallel.xml">
      <![CDATA[org.testng.TestNGException: 
Parameter 'browser' is required by BeforeClass on method Openapp but has not been marked @Optional or defined
in C:\Users\ragulaganjikoppa\eclipse-workspace\QA-Project\parallel.xml
at java.base/java.util.concurrent.ThreadPoolExecutor.runWorker(ThreadPoolExecutor.java:1144)
at java.base/java.util.concurrent.ThreadPoolExecutor$Worker.run(ThreadPoolExecutor.java:642)
at java.base/java.lang.Thread.run(Thread.java:1583)
... Removed 7 stack frames]]>
    </failure>
  </testcase> <!-- @BeforeClass Openapp -->
  <testcase classname="com.automation.generic.BaseTest" name="@BeforeClass Openapp" time="-1.722353560842E9">
    <failure type="org.testng.TestNGException" message="
Parameter &amp;apos;browser&amp;apos; is required by BeforeClass on method Openapp but has not been marked @Optional or defined
in C:\Users\ragulaganjikoppa\eclipse-workspace\QA-Project\parallel.xml">
      <![CDATA[org.testng.TestNGException: 
Parameter 'browser' is required by BeforeClass on method Openapp but has not been marked @Optional or defined
in C:\Users\ragulaganjikoppa\eclipse-workspace\QA-Project\parallel.xml
at java.base/java.util.concurrent.ThreadPoolExecutor.runWorker(ThreadPoolExecutor.java:1144)
at java.base/java.util.concurrent.ThreadPoolExecutor$Worker.run(ThreadPoolExecutor.java:642)
at java.base/java.lang.Thread.run(Thread.java:1583)
... Removed 7 stack frames]]>
    </failure>
  </testcase> <!-- @BeforeClass Openapp -->
  <testcase classname="com.automation.generic.BaseTest" name="@BeforeClass Openapp" time="-1.722353560842E9">
    <failure type="org.testng.TestNGException" message="
Parameter &amp;apos;browser&amp;apos; is required by BeforeClass on method Openapp but has not been marked @Optional or defined
in C:\Users\ragulaganjikoppa\eclipse-workspace\QA-Project\parallel.xml">
      <![CDATA[org.testng.TestNGException: 
Parameter 'browser' is required by BeforeClass on method Openapp but has not been marked @Optional or defined
in C:\Users\ragulaganjikoppa\eclipse-workspace\QA-Project\parallel.xml
at java.base/java.util.concurrent.ThreadPoolExecutor.runWorker(ThreadPoolExecutor.java:1144)
at java.base/java.util.concurrent.ThreadPoolExecutor$Worker.run(ThreadPoolExecutor.java:642)
at java.base/java.lang.Thread.run(Thread.java:1583)
... Removed 7 stack frames]]>
    </failure>
  </testcase> <!-- @BeforeClass Openapp -->
  <testcase classname="com.automation.generic.BaseTest" name="@BeforeMethod nyTimeLogin" time="-1.722353560862E9">
    <skipped/>
  </testcase> <!-- @BeforeMethod nyTimeLogin -->
  <testcase classname="com.automation.generic.BaseTest" name="@BeforeMethod nyTimeLogin" time="-1.722353560863E9">
    <skipped/>
  </testcase> <!-- @BeforeMethod nyTimeLogin -->
  <testcase classname="com.automation.generic.BaseTest" name="@BeforeMethod nyTimeLogin" time="-1.722353560862E9">
    <skipped/>
  </testcase> <!-- @BeforeMethod nyTimeLogin -->
  <testcase classname="com.automation.generic.BaseTest" name="@BeforeMethod nyTimeLogin" time="-1.722353560862E9">
    <skipped/>
  </testcase> <!-- @BeforeMethod nyTimeLogin -->
  <testcase classname="com.automation.generic.BaseTest" name="@AfterMethod logout" time="-1.722353560871E9">
    <skipped/>
  </testcase> <!-- @AfterMethod logout -->
  <testcase classname="com.automation.generic.BaseTest" name="@AfterClass closeapp" time="-1.722353560873E9">
    <skipped/>
  </testcase> <!-- @AfterClass closeapp -->
  <testcase classname="com.automation.generic.BaseTest" name="@AfterMethod logout" time="-1.722353560874E9">
    <skipped/>
  </testcase> <!-- @AfterMethod logout -->
  <testcase classname="com.automation.generic.BaseTest" name="@AfterMethod logout" time="-1.722353560875E9">
    <skipped/>
  </testcase> <!-- @AfterMethod logout -->
  <testcase classname="com.automation.generic.BaseTest" name="@AfterClass closeapp" time="-1.722353560877E9">
    <skipped/>
  </testcase> <!-- @AfterClass closeapp -->
  <testcase classname="com.automation.generic.BaseTest" name="@AfterClass closeapp" time="-1.722353560878E9">
    <skipped/>
  </testcase> <!-- @AfterClass closeapp -->
  <testcase classname="com.automation.generic.BaseTest" name="@AfterMethod logout" time="-1.72235356088E9">
    <skipped/>
  </testcase> <!-- @AfterMethod logout -->
  <testcase classname="com.automation.generic.BaseTest" name="@AfterClass closeapp" time="-1.722353560881E9">
    <skipped/>
  </testcase> <!-- @AfterClass closeapp -->
  <testcase classname="com.automation.TestScripts.SearchAnyKeyword" name="Test" time="0.0">
    <skipped/>
  </testcase> <!-- Test -->
  <testcase classname="com.automation.TestScripts.VerifytheWorldSectionPage" name="VeifyTheWorld" time="0.0">
    <skipped/>
  </testcase> <!-- VeifyTheWorld -->
  <testcase classname="com.automation.TestScripts.VerifyNavigationToOpinion" name="VerifyOpinion" time="0.0">
    <skipped/>
  </testcase> <!-- VerifyOpinion -->
  <testcase classname="com.automation.TestScripts.SearchTheParisOlympics" name="searchParis" time="0.0">
    <skipped/>
  </testcase> <!-- searchParis -->
  <testcase classname="com.automation.generic.BaseTest" name="@AfterTest flush" time="0.0">
    <ignored/>
  </testcase> <!-- @AfterTest flush -->
  <testcase classname="com.automation.generic.BaseTest" name="@AfterTest flush" time="0.0">
    <ignored/>
  </testcase> <!-- @AfterTest flush -->
  <testcase classname="com.automation.generic.BaseTest" name="@AfterTest flush" time="0.0">
    <ignored/>
  </testcase> <!-- @AfterTest flush -->
  <testcase classname="com.automation.generic.BaseTest" name="@BeforeTest Reports" time="0.0">
    <ignored/>
  </testcase> <!-- @BeforeTest Reports -->
  <testcase classname="com.automation.generic.BaseTest" name="@BeforeTest Reports" time="0.0">
    <ignored/>
  </testcase> <!-- @BeforeTest Reports -->
  <testcase classname="com.automation.generic.BaseTest" name="@BeforeTest Reports" time="0.0">
    <ignored/>
  </testcase> <!-- @BeforeTest Reports -->
</testsuite> <!-- Test Parallel -->
