<?xml version="1.0" encoding="UTF-8"?>
<!-- Generated by org.testng.reporters.JUnitReportReporter -->
<testsuite hostname="IN-PG02NMAH" failures="0" tests="2" name="com.automation.TestScripts.SearchTheParisOlympics" time="-1722353536.000" errors="1" timestamp="2024-07-30T21:02:41 IST" skipped="1">
  <testcase classname="com.automation.TestScripts.SearchTheParisOlympics" name="searchParis" time="0.000">
    <skipped/>
  </testcase> <!-- searchParis -->
  <system-out/>
  <testcase classname="com.automation.TestScripts.SearchTheParisOlympics" name="Openapp" time="-1722353536.000">
    <error message="
Parameter &#039;browser&#039; is required by BeforeClass on method Openapp but has not been marked @Optional or defined
in C:\Users\ragulaganjikoppa\eclipse-workspace\QA-Project\parallel.xml" type="org.testng.TestNGException">
      <![CDATA[org.testng.TestNGException: 
Parameter 'browser' is required by BeforeClass on method Openapp but has not been marked @Optional or defined
in C:\Users\ragulaganjikoppa\eclipse-workspace\QA-Project\parallel.xml
at org.testng.internal.Parameters.createParams(Parameters.java:270)
at org.testng.internal.Parameters.createParametersForMethod(Parameters.java:358)
at org.testng.internal.Parameters.createParameters(Parameters.java:700)
at org.testng.internal.Parameters.createConfigurationParameters(Parameters.java:168)
at org.testng.internal.ConfigInvoker.invokeConfigurations(ConfigInvoker.java:302)
at org.testng.internal.TestMethodWorker.invokeBeforeClassMethods(TestMethodWorker.java:176)
at org.testng.internal.TestMethodWorker.run(TestMethodWorker.java:122)
at java.base/java.util.concurrent.ThreadPoolExecutor.runWorker(ThreadPoolExecutor.java:1144)
at java.base/java.util.concurrent.ThreadPoolExecutor$Worker.run(ThreadPoolExecutor.java:642)
at java.base/java.lang.Thread.run(Thread.java:1583)
]]>
    </error>
  </testcase> <!-- Openapp -->
  <system-out/>
</testsuite> <!-- com.automation.TestScripts.SearchTheParisOlympics -->
